  pch.cpp
  AirAPI_Win.cpp
C:\Program Files (x86)\Windows Kits\10\Include\10.0.22000.0\ucrt\corecrt_math_defines.h(28,1): warning C4005: 'M_PI': macro redefinition
C:\Users\mattm\Desktop\matt\AirAPI_Win\Fusion\FusionMath.h(110,1): message : see previous definition of 'M_PI'
C:\Users\mattm\Desktop\matt\AirAPI_Win\AirAPI_Win.cpp(246,5): warning C4273: 'StartConnection': inconsistent dll linkage
C:\Users\mattm\Desktop\matt\AirAPI_Win\AirAPI_Win.h(10,27): message : see previous definition of 'StartConnection'
C:\Users\mattm\Desktop\matt\AirAPI_Win\AirAPI_Win.cpp(277,5): warning C4273: 'StopConnection': inconsistent dll linkage
C:\Users\mattm\Desktop\matt\AirAPI_Win\AirAPI_Win.h(13,27): message : see previous definition of 'StopConnection'
C:\Users\mattm\Desktop\matt\AirAPI_Win\AirAPI_Win.cpp(283,8): warning C4273: 'GetQuaternion': inconsistent dll linkage
C:\Users\mattm\Desktop\matt\AirAPI_Win\AirAPI_Win.h(16,30): message : see previous definition of 'GetQuaternion'
C:\Users\mattm\Desktop\matt\AirAPI_Win\AirAPI_Win.cpp(293,8): warning C4273: 'GetEuler': inconsistent dll linkage
C:\Users\mattm\Desktop\matt\AirAPI_Win\AirAPI_Win.h(19,30): message : see previous definition of 'GetEuler'
  dllmain.cpp
     Creating library C:\Users\mattm\Desktop\matt\AirAPI_Win\x64\Release\AirAPI_Win.lib and object C:\Users\mattm\Desktop\matt\AirAPI_Win\x64\Release\AirAPI_Win.exp
LINK : warning LNK4098: defaultlib 'MSVCRTD' conflicts with use of other libs; use /NODEFAULTLIB:library
  Generating code
  Previous IPDB not found, fall back to full compilation.
  All 49 functions were compiled because no usable IPDB/IOBJ from previous compilation was found.
  Finished generating code
  AirAPI_Win.vcxproj -> C:\Users\mattm\Desktop\matt\AirAPI_Win\x64\Release\AirAPI_Win.dll
