c:\users\mattm\desktop\matt\airapi_win\x64\debug\airapi_win.pch
c:\users\mattm\desktop\matt\airapi_win\x64\debug\vc143.pdb
c:\users\mattm\desktop\matt\airapi_win\x64\debug\vc143.idb
c:\users\mattm\desktop\matt\airapi_win\x64\debug\pch.obj
c:\users\mattm\desktop\matt\airapi_win\x64\debug\dllmain.obj
c:\users\mattm\desktop\matt\airapi_win\x64\debug\airapi_win.obj
c:\users\mattm\desktop\matt\airapi_win\x64\debug\airapi_win.lib
c:\users\mattm\desktop\matt\airapi_win\x64\debug\airapi_win.exp
c:\users\mattm\desktop\matt\airapi_win\x64\debug\airapi_win.pdb
c:\users\mattm\desktop\matt\airapi_win\x64\debug\airapi_win.tlog\cl.command.1.tlog
c:\users\mattm\desktop\matt\airapi_win\x64\debug\airapi_win.tlog\cl.read.1.tlog
c:\users\mattm\desktop\matt\airapi_win\x64\debug\airapi_win.tlog\cl.write.1.tlog
c:\users\mattm\desktop\matt\airapi_win\x64\debug\airapi_win.tlog\link-cvtres.read.1.tlog
c:\users\mattm\desktop\matt\airapi_win\x64\debug\airapi_win.tlog\link-cvtres.write.1.tlog
c:\users\mattm\desktop\matt\airapi_win\x64\debug\airapi_win.tlog\link-rc.read.1.tlog
c:\users\mattm\desktop\matt\airapi_win\x64\debug\airapi_win.tlog\link-rc.write.1.tlog
c:\users\mattm\desktop\matt\airapi_win\x64\debug\airapi_win.tlog\link.5264-cvtres.read.1.tlog
c:\users\mattm\desktop\matt\airapi_win\x64\debug\airapi_win.tlog\link.5264-cvtres.write.1.tlog
c:\users\mattm\desktop\matt\airapi_win\x64\debug\airapi_win.tlog\link.5264-rc.read.1.tlog
c:\users\mattm\desktop\matt\airapi_win\x64\debug\airapi_win.tlog\link.5264-rc.write.1.tlog
c:\users\mattm\desktop\matt\airapi_win\x64\debug\airapi_win.tlog\link.5264.delete.1.tlog
c:\users\mattm\desktop\matt\airapi_win\x64\debug\airapi_win.tlog\link.5264.read.1.tlog
c:\users\mattm\desktop\matt\airapi_win\x64\debug\airapi_win.tlog\link.5264.read.2.tlog
c:\users\mattm\desktop\matt\airapi_win\x64\debug\airapi_win.tlog\link.5264.write.1.tlog
c:\users\mattm\desktop\matt\airapi_win\x64\debug\airapi_win.tlog\link.command.1.tlog
c:\users\mattm\desktop\matt\airapi_win\x64\debug\airapi_win.tlog\link.read.1.tlog
c:\users\mattm\desktop\matt\airapi_win\x64\debug\airapi_win.tlog\link.read.2.tlog
c:\users\mattm\desktop\matt\airapi_win\x64\debug\airapi_win.tlog\link.write.1.tlog
c:\users\mattm\desktop\matt\airapi_win\x64\debug\airapi_win.tlog\link.write.2u.tlog
